#
# There is insufficient memory for the Java Runtime Environment to continue.
# Native memory allocation (malloc) failed to allocate 1048576 bytes for AllocateHeap
# Possible reasons:
#   The system is out of physical RAM or swap space
#   The process is running with CompressedOops enabled, and the Java Heap may be blocking the growth of the native heap
# Possible solutions:
#   Reduce memory load on the system
#   Increase physical memory or swap space
#   Check if swap backing store is full
#   Decrease Java heap size (-Xmx/-Xms)
#   Decrease number of Java threads
#   Decrease Java thread stack sizes (-Xss)
#   Set larger code cache with -XX:ReservedCodeCacheSize=
#   JVM is running with Unscaled Compressed Oops mode in which the Java heap is
#     placed in the first 4GB address space. The Java Heap base address is the
#     maximum limit for the native heap growth. Please use -XX:HeapBaseMinAddress
#     to set the Java Heap base and to place the Java Heap above 4GB virtual address.
# This output file may be truncated or incomplete.
#
#  Out of Memory Error (memory/allocation.inline.hpp:61), pid=9048, tid=0x0000000000001ae8
#
# JRE version:  (8.0_202-b08) (build )
# Java VM: Java HotSpot(TM) 64-Bit Server VM (25.202-b08 mixed mode windows-amd64 compressed oops)
# Failed to write core dump. Minidumps are not enabled by default on client versions of Windows
#

---------------  T H R E A D  ---------------

Current thread (0x000000000267e000):  JavaThread "Unknown thread" [_thread_in_vm, id=6888, stack(0x00000000024d0000,0x00000000025d0000)]

Stack: [0x00000000024d0000,0x00000000025d0000]
[error occurred during error reporting (printing stack bounds), id 0xc0000005]

Native frames: (J=compiled Java code, j=interpreted, Vv=VM code, C=native code)


---------------  P R O C E S S  ---------------

Java Threads: ( => current thread )

Other Threads:

=>0x000000000267e000 (exited) JavaThread "Unknown thread" [_thread_in_vm, id=6888, stack(0x00000000024d0000,0x00000000025d0000)]

VM state:not at safepoint (normal execution)

VM Mutex/Monitor currently owned by a thread: None

heap address: 0x0000000081600000, size: 2026 MB, Compressed Oops mode: 32-bit
Narrow klass base: 0x0000000000000000, Narrow klass shift: 3
Compressed class space size: 1073741824 Address: 0x0000000100000000

Heap:
 PSYoungGen      total 38400K, used 665K [0x00000000d5d00000, 0x00000000d8780000, 0x0000000100000000)
  eden space 33280K, 2% used [0x00000000d5d00000,0x00000000d5da6670,0x00000000d7d80000)
  from space 5120K, 0% used [0x00000000d8280000,0x00000000d8280000,0x00000000d8780000)
  to   space 5120K, 0% used [0x00000000d7d80000,0x00000000d7d80000,0x00000000d8280000)
 ParOldGen       total 87552K, used 0K [0x0000000081600000, 0x0000000086b80000, 0x00000000d5d00000)
  object space 87552K, 0% used [0x0000000081600000,0x0000000081600000,0x0000000086b80000)
 Metaspace       used 751K, capacity 4480K, committed 4480K, reserved 1056768K
  class space    used 76K, capacity 384K, committed 384K, reserved 1048576K

Card table byte_map: [0x0000000011b40000,0x0000000011f40000] byte_map_base: 0x0000000011735000

Marking Bits: (ParMarkBitMap*) 0x0000000051e25ce0
 Begin Bits: [0x00000000125f0000, 0x0000000014598000)
 End Bits:   [0x0000000014598000, 0x0000000016540000)

Polling page: 0x0000000000df0000

CodeCache: size=245760Kb used=328Kb max_used=328Kb free=245431Kb
 bounds [0x0000000002780000, 0x00000000029f0000, 0x0000000011780000]
 total_blobs=58 nmethods=0 adapters=38
 compilation: enabled

Compilation events (0 events):
No events

GC Heap History (0 events):
No events

Deoptimization events (0 events):
No events

Classes redefined (0 events):
No events

Internal exceptions (0 events):
No events

Events (10 events):
Event: 0.063 loading class java/lang/Short
Event: 0.063 loading class java/lang/Short done
Event: 0.063 loading class java/lang/Integer
Event: 0.063 loading class java/lang/Integer done
Event: 0.063 loading class java/lang/Long
Event: 0.063 loading class java/lang/Long done
Event: 0.064 loading class java/lang/NullPointerException
Event: 0.064 loading class java/lang/NullPointerException done
Event: 0.064 loading class java/lang/ArithmeticException
Event: 0.064 loading class java/lang/ArithmeticException done


Dynamic libraries:
0x00007ff6ea8f0000 - 0x00007ff6ea927000 	C:\Program Files (x86)\Common Files\Oracle\Java\javapath\java.exe
0x00007ffbf2200000 - 0x00007ffbf23f0000 	C:\WINDOWS\SYSTEM32\ntdll.dll
0x00007ffbf0130000 - 0x00007ffbf01e2000 	C:\WINDOWS\System32\KERNEL32.DLL
0x00007ffbee800000 - 0x00007ffbeeaa4000 	C:\WINDOWS\System32\KERNELBASE.dll
0x00007ffbf0c60000 - 0x00007ffbf0d03000 	C:\WINDOWS\System32\ADVAPI32.dll
0x00007ffbf0230000 - 0x00007ffbf02ce000 	C:\WINDOWS\System32\msvcrt.dll
0x00007ffbf18d0000 - 0x00007ffbf1967000 	C:\WINDOWS\System32\sechost.dll
0x00007ffbf1a20000 - 0x00007ffbf1b40000 	C:\WINDOWS\System32\RPCRT4.dll
0x00007ffbf2020000 - 0x00007ffbf21b4000 	C:\WINDOWS\System32\USER32.dll
0x00007ffbeee20000 - 0x00007ffbeee41000 	C:\WINDOWS\System32\win32u.dll
0x00007ffbf1820000 - 0x00007ffbf1846000 	C:\WINDOWS\System32\GDI32.dll
0x00007ffbeef00000 - 0x00007ffbef094000 	C:\WINDOWS\System32\gdi32full.dll
0x00007ffbeeb60000 - 0x00007ffbeebfe000 	C:\WINDOWS\System32\msvcp_win.dll
0x00007ffbef0a0000 - 0x00007ffbef19a000 	C:\WINDOWS\System32\ucrtbase.dll
0x00007ffbe7920000 - 0x00007ffbe7ba4000 	C:\WINDOWS\WinSxS\amd64_microsoft.windows.common-controls_6595b64144ccf1df_6.0.18362.836_none_e6c4b943130f18ed\COMCTL32.dll
0x00007ffbf1400000 - 0x00007ffbf1736000 	C:\WINDOWS\System32\combase.dll
0x00007ffbeeae0000 - 0x00007ffbeeb60000 	C:\WINDOWS\System32\bcryptPrimitives.dll
0x00007ffbf0200000 - 0x00007ffbf022e000 	C:\WINDOWS\System32\IMM32.DLL
0x0000000051eb0000 - 0x0000000051f82000 	C:\Program Files\Java\jre1.8.0_202\bin\msvcr100.dll
0x0000000051600000 - 0x0000000051ea5000 	C:\Program Files\Java\jre1.8.0_202\bin\server\jvm.dll
0x00007ffbf01f0000 - 0x00007ffbf01f8000 	C:\WINDOWS\System32\PSAPI.DLL
0x00007ffbed240000 - 0x00007ffbed249000 	C:\WINDOWS\SYSTEM32\WSOCK32.dll
0x00007ffbe5420000 - 0x00007ffbe5444000 	C:\WINDOWS\SYSTEM32\WINMM.dll
0x00007ffbe48b0000 - 0x00007ffbe48ba000 	C:\WINDOWS\SYSTEM32\VERSION.dll
0x00007ffbf1740000 - 0x00007ffbf17af000 	C:\WINDOWS\System32\WS2_32.dll
0x00007ffbe53f0000 - 0x00007ffbe541d000 	C:\WINDOWS\SYSTEM32\WINMMBASE.dll
0x00007ffbeed70000 - 0x00007ffbeedba000 	C:\WINDOWS\System32\cfgmgr32.dll
0x00007ffbe89e0000 - 0x00007ffbe89ef000 	C:\Program Files\Java\jre1.8.0_202\bin\verify.dll
0x00007ffbdfe00000 - 0x00007ffbdfe29000 	C:\Program Files\Java\jre1.8.0_202\bin\java.dll
0x00007ffbdfde0000 - 0x00007ffbdfdf6000 	C:\Program Files\Java\jre1.8.0_202\bin\zip.dll

VM Arguments:
java_command: pokemon.MainList
java_class_path (initial): .
Launcher Type: SUN_STANDARD

Environment Variables:
JAVA_HOME=C:\Program Files\Java\jdk1.8.0_202
PATH=C:\Program Files (x86)\Common Files\Oracle\Java\javapath;C:\WINDOWS\SYSTEM32;C:\WINDOWS;C:\WINDOWS\SYSTEM32\WBEM;C:\WINDOWS\SYSTEM32\WINDOWSPOWERSHELL\V1.0\;C:\PROGRAM FILES\INTEL\WIFI\BIN\;C:\PROGRAM FILES\COMMON FILES\INTEL\WIRELESSCOMMON\;C:\PROGRAM FILES (X86)\NVIDIA CORPORATION\PHYSX\COMMON;C:\PROGRA~2\FARSTONE\VIRTUA~1\;C:\PROGRAM FILES (X86)\FARSTONE\VIRTUALDRIVE\VDP;C:\PROGRA~2\FARSTONE\VIRTUA~1\DVDCRE~1;C:\WINDOWS\system32;C:\WINDOWS;C:\WINDOWS\System32\Wbem;C:\WINDOWS\System32\WindowsPowerShell\v1.0\;C:\WINDOWS\System32\OpenSSH\;C:\Program Files\Git\cmd;C:\Program Files (x86)\Microsoft SQL Server\100\Tools\Binn\VSShell\Common7\IDE\;C:\Program Files (x86)\Microsoft SQL Server\100\Tools\Binn\;C:\Program Files\Microsoft SQL Server\100\Tools\Binn\;C:\Program Files (x86)\Microsoft SQL Server\100\DTS\Binn\;C:\Program Files\Microsoft SQL Server\100\DTS\Binn\;C:\Program Files\dotnet\;C:\Program Files\Microsoft SQL Server\130\Tools\Binn\;C:\Program Files\Microsoft SQL Server\Client SDK\ODBC\170\Tools\Binn\;C:\Program Files\Intel\WiFi\bin\;C:\Program Files\Common Files\Intel\WirelessCommon\;C:\Users\Nat\AppData\Local\Microsoft\WindowsApps;C:\Users\Nat\AppData\Local\Programs\Microsoft VS Code Insiders\bin;C:\Program Files\apache-ant-1.10.7\bin;C:\Program Files\Git\bin;C:\Program Files\Java\jdk1.8.0_202\bin;
USERNAME=Nat
OS=Windows_NT
PROCESSOR_IDENTIFIER=Intel64 Family 6 Model 61 Stepping 4, GenuineIntel



---------------  S Y S T E M  ---------------

OS: Windows 10.0 , 64 bit Build 18362 (10.0.18362.778)

CPU:total 4 (initial active 4) (2 cores per cpu, 2 threads per core) family 6 model 61 stepping 4, cmov, cx8, fxsr, mmx, sse, sse2, sse3, ssse3, sse4.1, sse4.2, popcnt, avx, avx2, aes, clmul, erms, 3dnowpref, lzcnt, ht, tsc, tscinvbit, bmi1, bmi2, adx

Memory: 4k page, physical 8298376k(1335612k free), swap 8298376k(6048k free)

vm_info: Java HotSpot(TM) 64-Bit Server VM (25.202-b08) for windows-amd64 JRE (1.8.0_202-b08), built on Dec 15 2018 19:54:30 by "java_re" with MS VC++ 10.0 (VS2010)

time: Fri Jun 05 17:04:37 2020
timezone: SE Asia Standard Time
elapsed time: 0 seconds (0d 0h 0m 0s)

